<?xml version="1.0" encoding="UTF-8"?>
<!-- Generated by org.testng.reporters.JUnitReportReporter -->
<testsuite hostname="rizwan-ThinkPad-E15" failures="0" tests="1" name="TestLogin.LoginPageTestNG" time="14.564" errors="0" timestamp="2023-05-22T17:03:15 PKT" skipped="0">
  <testcase classname="TestLogin.LoginPageTestNG" name="loginPage" time="14.564"/>
  <system-out/>
</testsuite> <!-- TestLogin.LoginPageTestNG -->
